"2025-05-23 14:20:22 INFO  i.w.p.PaymentServiceApplicationKt - Starting PaymentServiceApplicationKt using Java 21.0.6 with PID 54637 (/Users/flaviacalabrese/IdeaProjects/lab5-g07/PaymentService/build/classes/kotlin/main started by flaviacalabrese in /Users/flaviacalabrese/IdeaProjects/lab5-g07)
""2025-05-23 14:20:22 DEBUG i.w.p.PaymentServiceApplicationKt - Running with Spring Boot v3.4.5, Spring v6.2.6
""2025-05-23 14:20:22 INFO  i.w.p.PaymentServiceApplicationKt - No active profile set, falling back to 1 default profile: "default"
""2025-05-23 14:20:24 INFO  o.s.d.r.c.RepositoryConfigurationDelegate - Bootstrapping Spring Data JPA repositories in DEFAULT mode.
""2025-05-23 14:20:24 INFO  o.s.d.r.c.RepositoryConfigurationDelegate - Finished Spring Data repository scanning in 166 ms. Found 2 JPA repository interfaces.
""2025-05-23 14:20:25 INFO  o.s.b.w.e.tomcat.TomcatWebServer - Tomcat initialized with port 8082 (http)
""2025-05-23 14:20:25 INFO  o.a.catalina.core.StandardService - Starting service [Tomcat]
""2025-05-23 14:20:25 INFO  o.a.catalina.core.StandardEngine - Starting Servlet engine: [Apache Tomcat/10.1.40]
""2025-05-23 14:20:26 INFO  o.a.c.c.C.[Tomcat].[localhost].[/] - Initializing Spring embedded WebApplicationContext
""2025-05-23 14:20:26 INFO  o.s.b.w.s.c.ServletWebServerApplicationContext - Root WebApplicationContext: initialization completed in 3759 ms
""2025-05-23 14:20:26 WARN  o.s.b.w.s.c.AnnotationConfigServletWebServerApplicationContext - Exception encountered during context initialization - cancelling refresh attempt: org.springframework.beans.factory.BeanCreationException: Error creating bean with name 'entityManagerFactory' defined in class path resource [org/springframework/boot/autoconfigure/orm/jpa/HibernateJpaConfiguration.class]: Failed to initialize dependency 'flywayInitializer' of LoadTimeWeaverAware bean 'entityManagerFactory': Error creating bean with name 'flywayInitializer' defined in class path resource [org/springframework/boot/autoconfigure/flyway/FlywayAutoConfiguration$FlywayConfiguration.class]: Unable to obtain connection from database: Connection to localhost:5432 refused. Check that the hostname and port are correct and that the postmaster is accepting TCP/IP connections.
--------------------------------------------------------------------------------------------------------------------------------------------------------------------------------------
SQL State  : 08001
Error Code : 0
Message    : Connection to localhost:5432 refused. Check that the hostname and port are correct and that the postmaster is accepting TCP/IP connections.

""2025-05-23 14:20:26 INFO  o.a.catalina.core.StandardService - Stopping service [Tomcat]
""2025-05-23 14:20:26 INFO  o.s.b.a.l.ConditionEvaluationReportLogger - 

Error starting ApplicationContext. To display the condition evaluation report re-run your application with 'debug' enabled.
""2025-05-23 14:20:26 ERROR o.s.boot.SpringApplication - Application run failed
"org.springframework.beans.factory.BeanCreationException: Error creating bean with name 'entityManagerFactory' defined in class path resource [org/springframework/boot/autoconfigure/orm/jpa/HibernateJpaConfiguration.class]: Failed to initialize dependency 'flywayInitializer' of LoadTimeWeaverAware bean 'entityManagerFactory': Error creating bean with name 'flywayInitializer' defined in class path resource [org/springframework/boot/autoconfigure/flyway/FlywayAutoConfiguration$FlywayConfiguration.class]: Unable to obtain connection from database: Connection to localhost:5432 refused. Check that the hostname and port are correct and that the postmaster is accepting TCP/IP connections.
--------------------------------------------------------------------------------------------------------------------------------------------------------------------------------------
SQL State  : 08001
Error Code : 0
Message    : Connection to localhost:5432 refused. Check that the hostname and port are correct and that the postmaster is accepting TCP/IP connections.

	at org.springframework.beans.factory.support.AbstractBeanFactory.doGetBean(AbstractBeanFactory.java:328)
	at org.springframework.beans.factory.support.AbstractBeanFactory.getBean(AbstractBeanFactory.java:207)
	at org.springframework.context.support.AbstractApplicationContext.finishBeanFactoryInitialization(AbstractApplicationContext.java:970)
	at org.springframework.context.support.AbstractApplicationContext.refresh(AbstractApplicationContext.java:627)
	at org.springframework.boot.web.servlet.context.ServletWebServerApplicationContext.refresh(ServletWebServerApplicationContext.java:146)
	at org.springframework.boot.SpringApplication.refresh(SpringApplication.java:753)
	at org.springframework.boot.SpringApplication.refreshContext(SpringApplication.java:439)
	at org.springframework.boot.SpringApplication.run(SpringApplication.java:318)
	at org.springframework.boot.SpringApplication.run(SpringApplication.java:1362)
	at org.springframework.boot.SpringApplication.run(SpringApplication.java:1351)
	at it.wa2.paymentservice.PaymentServiceApplicationKt.main(PaymentServiceApplication.kt:13)
Caused by: org.springframework.beans.factory.BeanCreationException: Error creating bean with name 'flywayInitializer' defined in class path resource [org/springframework/boot/autoconfigure/flyway/FlywayAutoConfiguration$FlywayConfiguration.class]: Unable to obtain connection from database: Connection to localhost:5432 refused. Check that the hostname and port are correct and that the postmaster is accepting TCP/IP connections.
--------------------------------------------------------------------------------------------------------------------------------------------------------------------------------------
SQL State  : 08001
Error Code : 0
Message    : Connection to localhost:5432 refused. Check that the hostname and port are correct and that the postmaster is accepting TCP/IP connections.

	at org.springframework.beans.factory.support.AbstractAutowireCapableBeanFactory.initializeBean(AbstractAutowireCapableBeanFactory.java:1818)
	at org.springframework.beans.factory.support.AbstractAutowireCapableBeanFactory.doCreateBean(AbstractAutowireCapableBeanFactory.java:607)
	at org.springframework.beans.factory.support.AbstractAutowireCapableBeanFactory.createBean(AbstractAutowireCapableBeanFactory.java:529)
	at org.springframework.beans.factory.support.AbstractBeanFactory.lambda$doGetBean$0(AbstractBeanFactory.java:339)
	at org.springframework.beans.factory.support.DefaultSingletonBeanRegistry.getSingleton(DefaultSingletonBeanRegistry.java:371)
	at org.springframework.beans.factory.support.AbstractBeanFactory.doGetBean(AbstractBeanFactory.java:337)
	at org.springframework.beans.factory.support.AbstractBeanFactory.getBean(AbstractBeanFactory.java:202)
	at org.springframework.beans.factory.support.AbstractBeanFactory.doGetBean(AbstractBeanFactory.java:315)
	... 10 common frames omitted
Caused by: org.flywaydb.core.internal.exception.FlywaySqlException: Unable to obtain connection from database: Connection to localhost:5432 refused. Check that the hostname and port are correct and that the postmaster is accepting TCP/IP connections.
--------------------------------------------------------------------------------------------------------------------------------------------------------------------------------------
SQL State  : 08001
Error Code : 0
Message    : Connection to localhost:5432 refused. Check that the hostname and port are correct and that the postmaster is accepting TCP/IP connections.

	at org.flywaydb.core.internal.jdbc.JdbcUtils.openConnection(JdbcUtils.java:71)
	at org.flywaydb.core.internal.jdbc.JdbcConnectionFactory.<init>(JdbcConnectionFactory.java:76)
	at org.flywaydb.core.FlywayExecutor.execute(FlywayExecutor.java:137)
	at org.flywaydb.core.Flyway.migrate(Flyway.java:176)
	at org.springframework.boot.autoconfigure.flyway.FlywayMigrationInitializer.afterPropertiesSet(FlywayMigrationInitializer.java:66)
	at org.springframework.beans.factory.support.AbstractAutowireCapableBeanFactory.invokeInitMethods(AbstractAutowireCapableBeanFactory.java:1865)
	at org.springframework.beans.factory.support.AbstractAutowireCapableBeanFactory.initializeBean(AbstractAutowireCapableBeanFactory.java:1814)
	... 17 common frames omitted
Caused by: org.postgresql.util.PSQLException: Connection to localhost:5432 refused. Check that the hostname and port are correct and that the postmaster is accepting TCP/IP connections.
	at org.postgresql.core.v3.ConnectionFactoryImpl.openConnectionImpl(ConnectionFactoryImpl.java:352)
	at org.postgresql.core.ConnectionFactory.openConnection(ConnectionFactory.java:54)
	at org.postgresql.jdbc.PgConnection.<init>(PgConnection.java:273)
	at org.postgresql.Driver.makeConnection(Driver.java:446)
	at org.postgresql.Driver.connect(Driver.java:298)
	at org.springframework.jdbc.datasource.SimpleDriverDataSource.getConnectionFromDriver(SimpleDriverDataSource.java:144)
	at org.springframework.jdbc.datasource.AbstractDriverBasedDataSource.getConnectionFromDriver(AbstractDriverBasedDataSource.java:205)
	at org.springframework.jdbc.datasource.AbstractDriverBasedDataSource.getConnection(AbstractDriverBasedDataSource.java:169)
	at org.flywaydb.core.internal.jdbc.JdbcUtils.openConnection(JdbcUtils.java:59)
	... 23 common frames omitted
Caused by: java.net.ConnectException: Connection refused
	at java.base/sun.nio.ch.Net.pollConnect(Native Method)
	at java.base/sun.nio.ch.Net.pollConnectNow(Net.java:682)
	at java.base/sun.nio.ch.NioSocketImpl.timedFinishConnect(NioSocketImpl.java:542)
	at java.base/sun.nio.ch.NioSocketImpl.connect(NioSocketImpl.java:592)
	at java.base/java.net.SocksSocketImpl.connect(SocksSocketImpl.java:327)
	at java.base/java.net.Socket.connect(Socket.java:751)
	at org.postgresql.core.PGStream.createSocket(PGStream.java:260)
	at org.postgresql.core.PGStream.<init>(PGStream.java:121)
	at org.postgresql.core.v3.ConnectionFactoryImpl.tryConnect(ConnectionFactoryImpl.java:140)
	at org.postgresql.core.v3.ConnectionFactoryImpl.openConnectionImpl(ConnectionFactoryImpl.java:268)
	... 31 common frames omitted
"2025-05-23 14:23:27 INFO  i.w.p.PaymentServiceApplicationKt - Starting PaymentServiceApplicationKt using Java 21.0.6 with PID 54793 (/Users/flaviacalabrese/IdeaProjects/lab5-g07/PaymentService/build/classes/kotlin/main started by flaviacalabrese in /Users/flaviacalabrese/IdeaProjects/lab5-g07)
""2025-05-23 14:23:27 DEBUG i.w.p.PaymentServiceApplicationKt - Running with Spring Boot v3.4.5, Spring v6.2.6
""2025-05-23 14:23:27 INFO  i.w.p.PaymentServiceApplicationKt - No active profile set, falling back to 1 default profile: "default"
""2025-05-23 14:23:29 INFO  o.s.d.r.c.RepositoryConfigurationDelegate - Bootstrapping Spring Data JPA repositories in DEFAULT mode.
""2025-05-23 14:23:29 INFO  o.s.d.r.c.RepositoryConfigurationDelegate - Finished Spring Data repository scanning in 75 ms. Found 2 JPA repository interfaces.
""2025-05-23 14:23:30 INFO  o.s.b.w.e.tomcat.TomcatWebServer - Tomcat initialized with port 8082 (http)
""2025-05-23 14:23:31 INFO  o.a.catalina.core.StandardService - Starting service [Tomcat]
""2025-05-23 14:23:31 INFO  o.a.catalina.core.StandardEngine - Starting Servlet engine: [Apache Tomcat/10.1.40]
""2025-05-23 14:23:31 INFO  o.a.c.c.C.[Tomcat].[localhost].[/] - Initializing Spring embedded WebApplicationContext
""2025-05-23 14:23:31 INFO  o.s.b.w.s.c.ServletWebServerApplicationContext - Root WebApplicationContext: initialization completed in 3633 ms
""2025-05-23 14:23:32 INFO  org.flywaydb.core.FlywayExecutor - Database: jdbc:postgresql://localhost:5432/db3 (PostgreSQL 17.4)
""2025-05-23 14:23:32 INFO  o.f.c.i.s.JdbcTableSchemaHistory - Schema history table "public"."flyway_schema_history" does not exist yet
""2025-05-23 14:23:32 INFO  o.f.core.internal.command.DbValidate - Successfully validated 1 migration (execution time 00:00.025s)
""2025-05-23 14:23:32 INFO  o.f.c.i.s.JdbcTableSchemaHistory - Creating Schema History table "public"."flyway_schema_history" with baseline ...
""2025-05-23 14:23:32 INFO  o.f.core.internal.command.DbBaseline - Successfully baselined schema with version: 1
""2025-05-23 14:23:32 INFO  o.f.core.internal.command.DbMigrate - Current version of schema "public": 1
""2025-05-23 14:23:32 INFO  o.f.core.internal.command.DbMigrate - Migrating schema "public" to version "4 - init"
""2025-05-23 14:23:32 INFO  o.f.core.internal.command.DbMigrate - Successfully applied 1 migration to schema "public", now at version v4 (execution time 00:00.045s)
""2025-05-23 14:23:32 INFO  o.h.jpa.internal.util.LogHelper - HHH000204: Processing PersistenceUnitInfo [name: default]
""2025-05-23 14:23:32 INFO  org.hibernate.Version - HHH000412: Hibernate ORM core version 6.6.13.Final
""2025-05-23 14:23:32 INFO  o.h.c.i.RegionFactoryInitiator - HHH000026: Second-level cache disabled
""2025-05-23 14:23:33 INFO  o.s.o.j.p.SpringPersistenceUnitInfo - No LoadTimeWeaver setup: ignoring JPA class transformer
""2025-05-23 14:23:33 INFO  com.zaxxer.hikari.HikariDataSource - HikariPool-1 - Starting...
""2025-05-23 14:23:33 INFO  com.zaxxer.hikari.pool.HikariPool - HikariPool-1 - Added connection org.postgresql.jdbc.PgConnection@26d24d7a
""2025-05-23 14:23:33 INFO  com.zaxxer.hikari.HikariDataSource - HikariPool-1 - Start completed.
""2025-05-23 14:23:33 INFO  o.hibernate.orm.connections.pooling - HHH10001005: Database info:
	Database JDBC URL [Connecting through datasource 'HikariDataSource (HikariPool-1)']
	Database driver: undefined/unknown
	Database version: 17.4
	Autocommit mode: undefined/unknown
	Isolation level: undefined/unknown
	Minimum pool size: undefined/unknown
	Maximum pool size: undefined/unknown
""2025-05-23 14:23:35 INFO  o.h.e.t.j.p.i.JtaPlatformInitiator - HHH000489: No JTA platform available (set 'hibernate.transaction.jta.platform' to enable JTA platform integration)
""2025-05-23 14:23:35 INFO  o.s.o.j.LocalContainerEntityManagerFactoryBean - Initialized JPA EntityManagerFactory for persistence unit 'default'
""2025-05-23 14:23:37 WARN  o.s.b.a.o.j.JpaBaseConfiguration$JpaWebConfiguration - spring.jpa.open-in-view is enabled by default. Therefore, database queries may be performed during view rendering. Explicitly configure spring.jpa.open-in-view to disable this warning
""2025-05-23 14:23:37 INFO  o.s.v.b.OptionalValidatorFactoryBean - Failed to set up a Bean Validation provider: jakarta.validation.NoProviderFoundException: Unable to create a Configuration, because no Jakarta Bean Validation provider could be found. Add a provider like Hibernate Validator (RI) to your classpath.
""2025-05-23 14:23:38 INFO  o.s.b.w.e.tomcat.TomcatWebServer - Tomcat started on port 8082 (http) with context path '/'
""2025-05-23 14:23:38 INFO  o.a.k.c.consumer.ConsumerConfig - ConsumerConfig values: 
	allow.auto.create.topics = true
	auto.commit.interval.ms = 5000
	auto.include.jmx.reporter = true
	auto.offset.reset = earliest
	bootstrap.servers = [localhost:9091]
	check.crcs = true
	client.dns.lookup = use_all_dns_ips
	client.id = consumer-paypal-order-listener-1
	client.rack = 
	connections.max.idle.ms = 540000
	default.api.timeout.ms = 60000
	enable.auto.commit = false
	enable.metrics.push = true
	exclude.internal.topics = true
	fetch.max.bytes = 52428800
	fetch.max.wait.ms = 500
	fetch.min.bytes = 1
	group.id = paypal-order-listener
	group.instance.id = null
	group.protocol = classic
	group.remote.assignor = null
	heartbeat.interval.ms = 3000
	interceptor.classes = []
	internal.leave.group.on.close = true
	internal.throw.on.fetch.stable.offset.unsupported = false
	isolation.level = read_uncommitted
	key.deserializer = class org.apache.kafka.common.serialization.StringDeserializer
	max.partition.fetch.bytes = 1048576
	max.poll.interval.ms = 300000
	max.poll.records = 500
	metadata.max.age.ms = 300000
	metadata.recovery.strategy = none
	metric.reporters = []
	metrics.num.samples = 2
	metrics.recording.level = INFO
	metrics.sample.window.ms = 30000
	partition.assignment.strategy = [class org.apache.kafka.clients.consumer.RangeAssignor, class org.apache.kafka.clients.consumer.CooperativeStickyAssignor]
	receive.buffer.bytes = 65536
	reconnect.backoff.max.ms = 1000
	reconnect.backoff.ms = 50
	request.timeout.ms = 30000
	retry.backoff.max.ms = 1000
	retry.backoff.ms = 100
	sasl.client.callback.handler.class = null
	sasl.jaas.config = null
	sasl.kerberos.kinit.cmd = /usr/bin/kinit
	sasl.kerberos.min.time.before.relogin = 60000
	sasl.kerberos.service.name = null
	sasl.kerberos.ticket.renew.jitter = 0.05
	sasl.kerberos.ticket.renew.window.factor = 0.8
	sasl.login.callback.handler.class = null
	sasl.login.class = null
	sasl.login.connect.timeout.ms = null
	sasl.login.read.timeout.ms = null
	sasl.login.refresh.buffer.seconds = 300
	sasl.login.refresh.min.period.seconds = 60
	sasl.login.refresh.window.factor = 0.8
	sasl.login.refresh.window.jitter = 0.05
	sasl.login.retry.backoff.max.ms = 10000
	sasl.login.retry.backoff.ms = 100
	sasl.mechanism = GSSAPI
	sasl.oauthbearer.clock.skew.seconds = 30
	sasl.oauthbearer.expected.audience = null
	sasl.oauthbearer.expected.issuer = null
	sasl.oauthbearer.jwks.endpoint.refresh.ms = 3600000
	sasl.oauthbearer.jwks.endpoint.retry.backoff.max.ms = 10000
	sasl.oauthbearer.jwks.endpoint.retry.backoff.ms = 100
	sasl.oauthbearer.jwks.endpoint.url = null
	sasl.oauthbearer.scope.claim.name = scope
	sasl.oauthbearer.sub.claim.name = sub
	sasl.oauthbearer.token.endpoint.url = null
	security.protocol = PLAINTEXT
	security.providers = null
	send.buffer.bytes = 131072
	session.timeout.ms = 45000
	socket.connection.setup.timeout.max.ms = 30000
	socket.connection.setup.timeout.ms = 10000
	ssl.cipher.suites = null
	ssl.enabled.protocols = [TLSv1.2, TLSv1.3]
	ssl.endpoint.identification.algorithm = https
	ssl.engine.factory.class = null
	ssl.key.password = null
	ssl.keymanager.algorithm = SunX509
	ssl.keystore.certificate.chain = null
	ssl.keystore.key = null
	ssl.keystore.location = null
	ssl.keystore.password = null
	ssl.keystore.type = JKS
	ssl.protocol = TLSv1.3
	ssl.provider = null
	ssl.secure.random.implementation = null
	ssl.trustmanager.algorithm = PKIX
	ssl.truststore.certificates = null
	ssl.truststore.location = null
	ssl.truststore.password = null
	ssl.truststore.type = JKS
	value.deserializer = class org.apache.kafka.common.serialization.StringDeserializer

""2025-05-23 14:23:38 INFO  o.a.k.c.t.i.KafkaMetricsCollector - initializing Kafka metrics collector
""2025-05-23 14:23:38 INFO  o.a.kafka.common.utils.AppInfoParser - Kafka version: 3.8.1
""2025-05-23 14:23:38 INFO  o.a.kafka.common.utils.AppInfoParser - Kafka commitId: 70d6ff42debf7e17
""2025-05-23 14:23:38 INFO  o.a.kafka.common.utils.AppInfoParser - Kafka startTimeMs: 1748003018531
""2025-05-23 14:23:38 INFO  o.a.k.c.c.i.LegacyKafkaConsumer - [Consumer clientId=consumer-paypal-order-listener-1, groupId=paypal-order-listener] Subscribed to topic(s): paypal.public.paypal_outbox_events
""2025-05-23 14:23:38 INFO  i.w.p.PaymentServiceApplicationKt - Started PaymentServiceApplicationKt in 11.961 seconds (process running for 13.597)
""2025-05-23 14:23:39 WARN  o.apache.kafka.clients.NetworkClient - [Consumer clientId=consumer-paypal-order-listener-1, groupId=paypal-order-listener] Error while fetching metadata with correlation id 2 : {paypal.public.paypal_outbox_events=UNKNOWN_TOPIC_OR_PARTITION}
""2025-05-23 14:23:39 INFO  org.apache.kafka.clients.Metadata - [Consumer clientId=consumer-paypal-order-listener-1, groupId=paypal-order-listener] Cluster ID: hR_BZGXqTFyNyjxwoRMPqw
""2025-05-23 14:23:39 INFO  o.a.k.c.c.i.ConsumerCoordinator - [Consumer clientId=consumer-paypal-order-listener-1, groupId=paypal-order-listener] Discovered group coordinator localhost:9091 (id: 2147483646 rack: null)
""2025-05-23 14:23:39 INFO  o.a.k.c.c.i.ConsumerCoordinator - [Consumer clientId=consumer-paypal-order-listener-1, groupId=paypal-order-listener] (Re-)joining group
""2025-05-23 14:23:39 INFO  o.a.k.c.c.i.ConsumerCoordinator - [Consumer clientId=consumer-paypal-order-listener-1, groupId=paypal-order-listener] Request joining group due to: need to re-join with the given member-id: consumer-paypal-order-listener-1-92ffacc6-4a1c-4d99-8ada-17494eaa7bf9
""2025-05-23 14:23:39 INFO  o.a.k.c.c.i.ConsumerCoordinator - [Consumer clientId=consumer-paypal-order-listener-1, groupId=paypal-order-listener] (Re-)joining group
""2025-05-23 14:23:42 INFO  o.a.k.c.c.i.ConsumerCoordinator - [Consumer clientId=consumer-paypal-order-listener-1, groupId=paypal-order-listener] Successfully joined group with generation Generation{generationId=1, memberId='consumer-paypal-order-listener-1-92ffacc6-4a1c-4d99-8ada-17494eaa7bf9', protocol='range'}
""2025-05-23 14:23:42 INFO  o.a.k.c.c.i.ConsumerCoordinator - [Consumer clientId=consumer-paypal-order-listener-1, groupId=paypal-order-listener] Finished assignment for group at generation 1: {consumer-paypal-order-listener-1-92ffacc6-4a1c-4d99-8ada-17494eaa7bf9=Assignment(partitions=[paypal.public.paypal_outbox_events-0])}
""2025-05-23 14:23:42 INFO  o.a.k.c.c.i.ConsumerCoordinator - [Consumer clientId=consumer-paypal-order-listener-1, groupId=paypal-order-listener] Successfully synced group in generation Generation{generationId=1, memberId='consumer-paypal-order-listener-1-92ffacc6-4a1c-4d99-8ada-17494eaa7bf9', protocol='range'}
""2025-05-23 14:23:42 INFO  o.a.k.c.c.i.ConsumerCoordinator - [Consumer clientId=consumer-paypal-order-listener-1, groupId=paypal-order-listener] Notifying assignor about the new Assignment(partitions=[paypal.public.paypal_outbox_events-0])
""2025-05-23 14:23:42 INFO  o.a.k.c.c.i.ConsumerRebalanceListenerInvoker - [Consumer clientId=consumer-paypal-order-listener-1, groupId=paypal-order-listener] Adding newly assigned partitions: paypal.public.paypal_outbox_events-0
""2025-05-23 14:23:42 INFO  o.a.k.c.c.i.ConsumerCoordinator - [Consumer clientId=consumer-paypal-order-listener-1, groupId=paypal-order-listener] Found no committed offset for partition paypal.public.paypal_outbox_events-0
""2025-05-23 14:23:42 INFO  o.a.k.c.c.i.SubscriptionState - [Consumer clientId=consumer-paypal-order-listener-1, groupId=paypal-order-listener] Resetting offset for partition paypal.public.paypal_outbox_events-0 to position FetchPosition{offset=0, offsetEpoch=Optional.empty, currentLeader=LeaderAndEpoch{leader=Optional[localhost:9091 (id: 1 rack: null)], epoch=0}}.
""2025-05-23 14:23:42 INFO  o.s.k.l.KafkaMessageListenerContainer - paypal-order-listener: partitions assigned: [paypal.public.paypal_outbox_events-0]
"