"2025-05-13 19:03:05 INFO  i.w.u.e.GenericUserControllerTest - Starting GenericUserControllerTest using Java 21.0.6 with PID 26866 (started by flaviacalabrese in /Users/flaviacalabrese/IdeaProjects/lab4-g07/UserManagmentService)
""2025-05-13 19:03:05 DEBUG i.w.u.e.GenericUserControllerTest - Running with Spring Boot v3.4.5, Spring v6.2.6
""2025-05-13 19:03:05 INFO  i.w.u.e.GenericUserControllerTest - The following 2 profiles are active: "no-security", "dev"
""2025-05-13 19:03:07 INFO  o.s.d.r.c.RepositoryConfigurationDelegate - Bootstrapping Spring Data JPA repositories in DEFAULT mode.
""2025-05-13 19:03:07 INFO  o.s.d.r.c.RepositoryConfigurationDelegate - Finished Spring Data repository scanning in 83 ms. Found 4 JPA repository interfaces.
""2025-05-13 19:03:09 INFO  o.s.b.w.e.tomcat.TomcatWebServer - Tomcat initialized with port 0 (http)
""2025-05-13 19:03:09 INFO  o.a.catalina.core.StandardService - Starting service [Tomcat]
""2025-05-13 19:03:09 INFO  o.a.catalina.core.StandardEngine - Starting Servlet engine: [Apache Tomcat/10.1.40]
""2025-05-13 19:03:09 INFO  o.a.c.c.C.[Tomcat].[localhost].[/] - Initializing Spring embedded WebApplicationContext
""2025-05-13 19:03:09 INFO  o.s.b.w.s.c.ServletWebServerApplicationContext - Root WebApplicationContext: initialization completed in 3490 ms
""2025-05-13 19:03:10 INFO  org.flywaydb.core.FlywayExecutor - Database: jdbc:postgresql://localhost:5555/test?loggerLevel=OFF (PostgreSQL 17.4)
""2025-05-13 19:03:10 INFO  o.f.c.i.s.JdbcTableSchemaHistory - Schema history table "public"."flyway_schema_history" does not exist yet
""2025-05-13 19:03:10 INFO  o.f.core.internal.command.DbValidate - Successfully validated 1 migration (execution time 00:00.025s)
""2025-05-13 19:03:10 INFO  o.f.c.i.s.JdbcTableSchemaHistory - Creating Schema History table "public"."flyway_schema_history" ...
""2025-05-13 19:03:10 INFO  o.f.core.internal.command.DbMigrate - Current version of schema "public": << Empty Schema >>
""2025-05-13 19:03:10 INFO  o.f.core.internal.command.DbMigrate - Migrating schema "public" to version "1 - start"
""2025-05-13 19:03:10 INFO  o.f.core.internal.command.DbMigrate - Successfully applied 1 migration to schema "public", now at version v1 (execution time 00:00.047s)
""2025-05-13 19:03:10 INFO  o.h.jpa.internal.util.LogHelper - HHH000204: Processing PersistenceUnitInfo [name: default]
""2025-05-13 19:03:10 INFO  org.hibernate.Version - HHH000412: Hibernate ORM core version 6.6.13.Final
""2025-05-13 19:03:10 INFO  o.h.c.i.RegionFactoryInitiator - HHH000026: Second-level cache disabled
""2025-05-13 19:03:10 INFO  o.s.o.j.p.SpringPersistenceUnitInfo - No LoadTimeWeaver setup: ignoring JPA class transformer
""2025-05-13 19:03:11 INFO  com.zaxxer.hikari.HikariDataSource - HikariPool-1 - Starting...
""2025-05-13 19:03:11 INFO  com.zaxxer.hikari.pool.HikariPool - HikariPool-1 - Added connection org.postgresql.jdbc.PgConnection@ae4a043
""2025-05-13 19:03:11 INFO  com.zaxxer.hikari.HikariDataSource - HikariPool-1 - Start completed.
""2025-05-13 19:03:11 INFO  o.hibernate.orm.connections.pooling - HHH10001005: Database info:
	Database JDBC URL [Connecting through datasource 'HikariDataSource (HikariPool-1)']
	Database driver: undefined/unknown
	Database version: 17.4
	Autocommit mode: undefined/unknown
	Isolation level: undefined/unknown
	Minimum pool size: undefined/unknown
	Maximum pool size: undefined/unknown
""2025-05-13 19:03:12 INFO  o.h.e.t.j.p.i.JtaPlatformInitiator - HHH000489: No JTA platform available (set 'hibernate.transaction.jta.platform' to enable JTA platform integration)
""2025-05-13 19:03:12 INFO  o.s.o.j.LocalContainerEntityManagerFactoryBean - Initialized JPA EntityManagerFactory for persistence unit 'default'
""2025-05-13 19:03:13 INFO  o.s.d.j.r.query.QueryEnhancerFactory - Hibernate is in classpath; If applicable, HQL parser will be used.
""2025-05-13 19:03:14 WARN  o.s.b.a.o.j.JpaBaseConfiguration$JpaWebConfiguration - spring.jpa.open-in-view is enabled by default. Therefore, database queries may be performed during view rendering. Explicitly configure spring.jpa.open-in-view to disable this warning
""2025-05-13 19:03:15 INFO  o.s.b.w.e.tomcat.TomcatWebServer - Tomcat started on port 56233 (http) with context path '/'
""2025-05-13 19:03:15 INFO  i.w.u.e.GenericUserControllerTest - Started GenericUserControllerTest in 10.615 seconds (process running for 17.955)
""2025-05-13 19:03:16 INFO  o.a.c.c.C.[Tomcat].[localhost].[/] - Initializing Spring DispatcherServlet 'dispatcherServlet'
""2025-05-13 19:03:16 INFO  o.s.web.servlet.DispatcherServlet - Initializing Servlet 'dispatcherServlet'
""2025-05-13 19:03:16 INFO  o.s.web.servlet.DispatcherServlet - Completed initialization in 5 ms
""2025-05-13 19:03:16 INFO  i.w.u.c.GenericUserController - Requesting user with id: 99
""2025-05-13 19:03:16 INFO  i.w.u.c.GenericUserController - Requesting user with id: 1
""2025-05-13 19:03:16 DEBUG i.w.u.c.GenericUserController - Retrieve user: john.doe@example.com
""2025-05-13 19:03:16 INFO  o.s.b.w.e.tomcat.GracefulShutdown - Commencing graceful shutdown. Waiting for active requests to complete
""2025-05-13 19:03:16 INFO  o.s.b.w.e.tomcat.GracefulShutdown - Graceful shutdown complete
""2025-05-13 19:03:16 INFO  o.s.o.j.LocalContainerEntityManagerFactoryBean - Closing JPA EntityManagerFactory for persistence unit 'default'
""2025-05-13 19:03:16 INFO  com.zaxxer.hikari.HikariDataSource - HikariPool-1 - Shutdown initiated...
""2025-05-13 19:03:16 INFO  com.zaxxer.hikari.HikariDataSource - HikariPool-1 - Shutdown completed.
""2025-05-13 19:03:16 INFO  o.s.t.c.s.AnnotationConfigContextLoaderUtils - Could not detect default configuration classes for test class [it.wa2.usermanagmentservice.enpoints.GenericUserControllerTest$GetUsers]: GetUsers does not declare any static, non-private, non-final, nested classes annotated with @Configuration.
""2025-05-13 19:03:16 INFO  o.s.b.t.c.SpringBootTestContextBootstrapper - Found @SpringBootConfiguration it.wa2.usermanagmentservice.UserManagmentServiceApplication for test class it.wa2.usermanagmentservice.enpoints.GenericUserControllerTest$GetUsers
""2025-05-13 19:03:16 INFO  i.w.u.e.GenericUserControllerTest - Starting GenericUserControllerTest using Java 21.0.6 with PID 26866 (started by flaviacalabrese in /Users/flaviacalabrese/IdeaProjects/lab4-g07/UserManagmentService)
""2025-05-13 19:03:16 DEBUG i.w.u.e.GenericUserControllerTest - Running with Spring Boot v3.4.5, Spring v6.2.6
""2025-05-13 19:03:16 INFO  i.w.u.e.GenericUserControllerTest - The following 2 profiles are active: "no-security", "dev"
""2025-05-13 19:03:17 INFO  o.s.d.r.c.RepositoryConfigurationDelegate - Bootstrapping Spring Data JPA repositories in DEFAULT mode.
""2025-05-13 19:03:17 INFO  o.s.d.r.c.RepositoryConfigurationDelegate - Finished Spring Data repository scanning in 28 ms. Found 4 JPA repository interfaces.
""2025-05-13 19:03:17 INFO  o.s.b.w.e.tomcat.TomcatWebServer - Tomcat initialized with port 0 (http)
""2025-05-13 19:03:17 INFO  o.a.catalina.core.StandardService - Starting service [Tomcat]
""2025-05-13 19:03:17 INFO  o.a.catalina.core.StandardEngine - Starting Servlet engine: [Apache Tomcat/10.1.40]
""2025-05-13 19:03:17 INFO  o.a.c.c.C.[Tomcat].[localhost].[/] - Initializing Spring embedded WebApplicationContext
""2025-05-13 19:03:17 INFO  o.s.b.w.s.c.ServletWebServerApplicationContext - Root WebApplicationContext: initialization completed in 930 ms
""2025-05-13 19:03:18 INFO  org.flywaydb.core.FlywayExecutor - Database: jdbc:postgresql://localhost:5555/test?loggerLevel=OFF (PostgreSQL 17.4)
""2025-05-13 19:03:18 INFO  o.f.core.internal.command.DbValidate - Successfully validated 1 migration (execution time 00:00.009s)
""2025-05-13 19:03:18 INFO  o.f.core.internal.command.DbMigrate - Current version of schema "public": 1
""2025-05-13 19:03:18 INFO  o.f.core.internal.command.DbMigrate - Schema "public" is up to date. No migration necessary.
""2025-05-13 19:03:18 INFO  o.h.jpa.internal.util.LogHelper - HHH000204: Processing PersistenceUnitInfo [name: default]
""2025-05-13 19:03:18 INFO  o.h.c.i.RegionFactoryInitiator - HHH000026: Second-level cache disabled
""2025-05-13 19:03:18 INFO  o.s.o.j.p.SpringPersistenceUnitInfo - No LoadTimeWeaver setup: ignoring JPA class transformer
""2025-05-13 19:03:18 INFO  com.zaxxer.hikari.HikariDataSource - HikariPool-2 - Starting...
""2025-05-13 19:03:18 INFO  com.zaxxer.hikari.pool.HikariPool - HikariPool-2 - Added connection org.postgresql.jdbc.PgConnection@39c9272
""2025-05-13 19:03:18 INFO  com.zaxxer.hikari.HikariDataSource - HikariPool-2 - Start completed.
""2025-05-13 19:03:18 INFO  o.hibernate.orm.connections.pooling - HHH10001005: Database info:
	Database JDBC URL [Connecting through datasource 'HikariDataSource (HikariPool-2)']
	Database driver: undefined/unknown
	Database version: 17.4
	Autocommit mode: undefined/unknown
	Isolation level: undefined/unknown
	Minimum pool size: undefined/unknown
	Maximum pool size: undefined/unknown
""2025-05-13 19:03:18 INFO  o.h.e.t.j.p.i.JtaPlatformInitiator - HHH000489: No JTA platform available (set 'hibernate.transaction.jta.platform' to enable JTA platform integration)
""2025-05-13 19:03:18 INFO  o.s.o.j.LocalContainerEntityManagerFactoryBean - Initialized JPA EntityManagerFactory for persistence unit 'default'
""2025-05-13 19:03:18 WARN  o.s.b.a.o.j.JpaBaseConfiguration$JpaWebConfiguration - spring.jpa.open-in-view is enabled by default. Therefore, database queries may be performed during view rendering. Explicitly configure spring.jpa.open-in-view to disable this warning
""2025-05-13 19:03:18 INFO  o.s.b.w.e.tomcat.TomcatWebServer - Tomcat started on port 56247 (http) with context path '/'
""2025-05-13 19:03:18 INFO  i.w.u.e.GenericUserControllerTest - Started GenericUserControllerTest in 1.915 seconds (process running for 20.91)
""2025-05-13 19:03:19 INFO  o.a.c.c.C.[Tomcat].[localhost].[/] - Initializing Spring DispatcherServlet 'dispatcherServlet'
""2025-05-13 19:03:19 INFO  o.s.web.servlet.DispatcherServlet - Initializing Servlet 'dispatcherServlet'
""2025-05-13 19:03:19 INFO  o.s.web.servlet.DispatcherServlet - Completed initialization in 3 ms
""2025-05-13 19:03:19 INFO  i.w.u.c.GenericUserController - Requesting all user with filters:name: null, surname=null, address=null, city=null
""2025-05-13 19:03:19 DEBUG i.w.u.c.GenericUserController - Retrieved 2 users
""2025-05-13 19:03:19 WARN  o.s.d.w.c.SpringDataJacksonConfiguration$PageModule$WarningLoggingModifier - Serializing PageImpl instances as-is is not supported, meaning that there is no guarantee about the stability of the resulting JSON structure!
	For a stable JSON structure, please use Spring Data's PagedModel (globally via @EnableSpringDataWebSupport(pageSerializationMode = VIA_DTO))
	or Spring HATEOAS and Spring Data's PagedResourcesAssembler as documented in https://docs.spring.io/spring-data/commons/reference/repositories/core-extensions.html#core.web.pageables.

""2025-05-13 19:03:19 INFO  i.w.u.c.GenericUserController - Requesting all user with filters:name: null, surname=null, address=null, city=null
""2025-05-13 19:03:19 DEBUG i.w.u.c.GenericUserController - Retrieved 0 users
""2025-05-13 19:03:19 INFO  o.s.b.w.e.tomcat.GracefulShutdown - Commencing graceful shutdown. Waiting for active requests to complete
""2025-05-13 19:03:19 INFO  o.s.b.w.e.tomcat.GracefulShutdown - Graceful shutdown complete
""2025-05-13 19:03:19 INFO  o.s.o.j.LocalContainerEntityManagerFactoryBean - Closing JPA EntityManagerFactory for persistence unit 'default'
""2025-05-13 19:03:19 INFO  com.zaxxer.hikari.HikariDataSource - HikariPool-2 - Shutdown initiated...
""2025-05-13 19:03:19 INFO  com.zaxxer.hikari.HikariDataSource - HikariPool-2 - Shutdown completed.
""2025-05-13 19:03:19 INFO  o.s.t.c.s.AnnotationConfigContextLoaderUtils - Could not detect default configuration classes for test class [it.wa2.usermanagmentservice.enpoints.GenericUserControllerTest$UpdateUser]: UpdateUser does not declare any static, non-private, non-final, nested classes annotated with @Configuration.
""2025-05-13 19:03:19 INFO  o.s.b.t.c.SpringBootTestContextBootstrapper - Found @SpringBootConfiguration it.wa2.usermanagmentservice.UserManagmentServiceApplication for test class it.wa2.usermanagmentservice.enpoints.GenericUserControllerTest$UpdateUser
""2025-05-13 19:03:19 INFO  i.w.u.e.GenericUserControllerTest - Starting GenericUserControllerTest using Java 21.0.6 with PID 26866 (started by flaviacalabrese in /Users/flaviacalabrese/IdeaProjects/lab4-g07/UserManagmentService)
""2025-05-13 19:03:19 DEBUG i.w.u.e.GenericUserControllerTest - Running with Spring Boot v3.4.5, Spring v6.2.6
""2025-05-13 19:03:19 INFO  i.w.u.e.GenericUserControllerTest - The following 2 profiles are active: "no-security", "dev"
""2025-05-13 19:03:19 INFO  o.s.d.r.c.RepositoryConfigurationDelegate - Bootstrapping Spring Data JPA repositories in DEFAULT mode.
""2025-05-13 19:03:19 INFO  o.s.d.r.c.RepositoryConfigurationDelegate - Finished Spring Data repository scanning in 25 ms. Found 4 JPA repository interfaces.
""2025-05-13 19:03:20 INFO  o.s.b.w.e.tomcat.TomcatWebServer - Tomcat initialized with port 0 (http)
""2025-05-13 19:03:20 INFO  o.a.catalina.core.StandardService - Starting service [Tomcat]
""2025-05-13 19:03:20 INFO  o.a.catalina.core.StandardEngine - Starting Servlet engine: [Apache Tomcat/10.1.40]
""2025-05-13 19:03:20 INFO  o.a.c.c.C.[Tomcat].[localhost].[/] - Initializing Spring embedded WebApplicationContext
""2025-05-13 19:03:20 INFO  o.s.b.w.s.c.ServletWebServerApplicationContext - Root WebApplicationContext: initialization completed in 578 ms
""2025-05-13 19:03:20 INFO  org.flywaydb.core.FlywayExecutor - Database: jdbc:postgresql://localhost:5555/test?loggerLevel=OFF (PostgreSQL 17.4)
""2025-05-13 19:03:20 INFO  o.f.core.internal.command.DbValidate - Successfully validated 1 migration (execution time 00:00.006s)
""2025-05-13 19:03:20 INFO  o.f.core.internal.command.DbMigrate - Current version of schema "public": 1
""2025-05-13 19:03:20 INFO  o.f.core.internal.command.DbMigrate - Schema "public" is up to date. No migration necessary.
""2025-05-13 19:03:20 INFO  o.h.jpa.internal.util.LogHelper - HHH000204: Processing PersistenceUnitInfo [name: default]
""2025-05-13 19:03:20 INFO  o.h.c.i.RegionFactoryInitiator - HHH000026: Second-level cache disabled
""2025-05-13 19:03:20 INFO  o.s.o.j.p.SpringPersistenceUnitInfo - No LoadTimeWeaver setup: ignoring JPA class transformer
""2025-05-13 19:03:20 INFO  com.zaxxer.hikari.HikariDataSource - HikariPool-3 - Starting...
""2025-05-13 19:03:20 INFO  com.zaxxer.hikari.pool.HikariPool - HikariPool-3 - Added connection org.postgresql.jdbc.PgConnection@cc1ea83
""2025-05-13 19:03:20 INFO  com.zaxxer.hikari.HikariDataSource - HikariPool-3 - Start completed.
""2025-05-13 19:03:20 INFO  o.hibernate.orm.connections.pooling - HHH10001005: Database info:
	Database JDBC URL [Connecting through datasource 'HikariDataSource (HikariPool-3)']
	Database driver: undefined/unknown
	Database version: 17.4
	Autocommit mode: undefined/unknown
	Isolation level: undefined/unknown
	Minimum pool size: undefined/unknown
	Maximum pool size: undefined/unknown
""2025-05-13 19:03:20 INFO  o.h.e.t.j.p.i.JtaPlatformInitiator - HHH000489: No JTA platform available (set 'hibernate.transaction.jta.platform' to enable JTA platform integration)
""2025-05-13 19:03:20 INFO  o.s.o.j.LocalContainerEntityManagerFactoryBean - Initialized JPA EntityManagerFactory for persistence unit 'default'
""2025-05-13 19:03:20 WARN  o.s.b.a.o.j.JpaBaseConfiguration$JpaWebConfiguration - spring.jpa.open-in-view is enabled by default. Therefore, database queries may be performed during view rendering. Explicitly configure spring.jpa.open-in-view to disable this warning
""2025-05-13 19:03:20 INFO  o.s.b.w.e.tomcat.TomcatWebServer - Tomcat started on port 56262 (http) with context path '/'
""2025-05-13 19:03:20 INFO  i.w.u.e.GenericUserControllerTest - Started GenericUserControllerTest in 1.471 seconds (process running for 23.096)
""2025-05-13 19:03:21 INFO  o.a.c.c.C.[Tomcat].[localhost].[/] - Initializing Spring DispatcherServlet 'dispatcherServlet'
""2025-05-13 19:03:21 INFO  o.s.web.servlet.DispatcherServlet - Initializing Servlet 'dispatcherServlet'
""2025-05-13 19:03:21 INFO  o.s.web.servlet.DispatcherServlet - Completed initialization in 1 ms
""2025-05-13 19:03:21 INFO  i.w.u.c.GenericUserController - Updating user with id: 1
""2025-05-13 19:03:21 INFO  i.w.u.c.GenericUserController - User updated successfully with id: 1
""2025-05-13 19:03:21 INFO  i.w.u.c.GenericUserController - Updating user with id: 1
""2025-05-13 19:03:21 INFO  o.s.b.w.e.tomcat.GracefulShutdown - Commencing graceful shutdown. Waiting for active requests to complete
""2025-05-13 19:03:21 INFO  o.s.b.w.e.tomcat.GracefulShutdown - Graceful shutdown complete
""2025-05-13 19:03:21 INFO  o.s.o.j.LocalContainerEntityManagerFactoryBean - Closing JPA EntityManagerFactory for persistence unit 'default'
""2025-05-13 19:03:21 INFO  com.zaxxer.hikari.HikariDataSource - HikariPool-3 - Shutdown initiated...
""2025-05-13 19:03:21 INFO  com.zaxxer.hikari.HikariDataSource - HikariPool-3 - Shutdown completed.
"